$ storybook build --output-dir C:\Users\ROBIN_~1\AppData\Local\Temp\chromatic--28408-3u5dkhcEPQeK
@storybook/cli v7.0.6

info => Cleaning outputDir: C:\Users\ROBIN_~1\AppData\Local\Temp\chromatic--28408-3u5dkhcEPQeK
info => Loading presets
info => Building manager..
info => Manager built (334 ms)
info => Copying static files: D:\taskbox\node_modules\@storybook\manager\static at C:\Users\ROBIN_~1\AppData\Local\Temp\chromatic--28408-3u5dkhcEPQeK\sb-common-assets
[36mvite v4.2.2 [32mbuilding for production...[36m[39m

./sb-common-assets/fonts.css doesn't exist at build time, it will remain unchanged to be resolved at runtime
transforming...
info => Copying static files: D:\taskbox\public at C:\Users\ROBIN_~1\AppData\Local\Temp\chromatic--28408-3u5dkhcEPQeK\
Use of eval in "node_modules/telejson/dist/index.mjs" is strongly discouraged as it poses security risks and may cause issues with minification.
Use of eval in "node_modules/telejson/dist/index.mjs" is strongly discouraged as it poses security risks and may cause issues with minification.
[32m✓[39m 1683 modules transformed.
rendering chunks...
[33mwarnings when minifying css:
▲ [WARNING] CSS nesting syntax is not supported in the configured target environment ("chrome87", "edge88", "es2020", "firefox78", "safari14") [unsupported-css-nesting]

    <stdin>:36:2:
      36 │   *vertical-align: middle;
         ╵   ^


▲ [WARNING] Expected identifier but found whitespace [css-syntax-error]

    <stdin>:36:18:
      36 │   *vertical-align: middle;
         ╵                   ^


▲ [WARNING] Unexpected ";" [css-syntax-error]

    <stdin>:36:25:
      36 │   *vertical-align: middle;
         ╵                          ^

[39m
computing gzip size...
[2mC:/Users/ROBIN_~1/AppData/Local/Temp/chromatic--28408-3u5dkhcEPQeK/[22m[32miframe.html                                         [39m[1m[2m 12.60 kB[22m[1m[22m
[2mC:/Users/ROBIN_~1/AppData/Local/Temp/chromatic--28408-3u5dkhcEPQeK/[22m[32massets/percolate-dac75269.ttf                       [39m[1m[2m 34.04 kB[22m[1m[22m
[2mC:/Users/ROBIN_~1/AppData/Local/Temp/chromatic--28408-3u5dkhcEPQeK/[22m[32massets/percolate-ec979d96.woff                      [39m[1m[2m 34.11 kB[22m[1m[22m
[2mC:/Users/ROBIN_~1/AppData/Local/Temp/chromatic--28408-3u5dkhcEPQeK/[22m[32massets/percolate-5ed633c2.eot                       [39m[1m[2m 34.21 kB[22m[1m[22m
[2mC:/Users/ROBIN_~1/AppData/Local/Temp/chromatic--28408-3u5dkhcEPQeK/[22m[32massets/percolate-d13fa91b.svg                       [39m[1m[2m140.51 kB[22m[1m[22m
[2mC:/Users/ROBIN_~1/AppData/Local/Temp/chromatic--28408-3u5dkhcEPQeK/[22m[35massets/preview-7623e708.css                         [39m[1m[2m  6.91 kB[22m[1m[22m[2m │ gzip:   2.07 kB[22m
[2mC:/Users/ROBIN_~1/AppData/Local/Temp/chromatic--28408-3u5dkhcEPQeK/[22m[36massets/index-d475d2ea.js                            [39m[1m[2m  0.21 kB[22m[1m[22m[2m │ gzip:   0.17 kB[22m[2m │ map:     0.78 kB[22m
[2mC:/Users/ROBIN_~1/AppData/Local/Temp/chromatic--28408-3u5dkhcEPQeK/[22m[36massets/_commonjs-dynamic-modules-302442b1.js        [39m[1m[2m  0.30 kB[22m[1m[22m[2m │ gzip:   0.24 kB[22m[2m │ map:     0.12 kB[22m
[2mC:/Users/ROBIN_~1/AppData/Local/Temp/chromatic--28408-3u5dkhcEPQeK/[22m[36massets/WithTooltip-FBT32F6Q-8ec99e45.js             [39m[1m[2m  0.55 kB[22m[1m[22m[2m │ gzip:   0.32 kB[22m[2m │ map:     0.11 kB[22m
[2mC:/Users/ROBIN_~1/AppData/Local/Temp/chromatic--28408-3u5dkhcEPQeK/[22m[36massets/syntaxhighlighter-QTQ2UBB4-ec8df2ef.js       [39m[1m[2m  0.57 kB[22m[1m[22m[2m │ gzip:   0.35 kB[22m[2m │ map:     0.12 kB[22m
[2mC:/Users/ROBIN_~1/AppData/Local/Temp/chromatic--28408-3u5dkhcEPQeK/[22m[36massets/index-7773d681.js                            [39m[1m[2m  0.62 kB[22m[1m[22m[2m │ gzip:   0.39 kB[22m[2m │ map:     4.23 kB[22m
[2mC:/Users/ROBIN_~1/AppData/Local/Temp/chromatic--28408-3u5dkhcEPQeK/[22m[36massets/preview-0435c720.js                          [39m[1m[2m  0.69 kB[22m[1m[22m[2m │ gzip:   0.49 kB[22m[2m │ map:     3.67 kB[22m
[2mC:/Users/ROBIN_~1/AppData/Local/Temp/chromatic--28408-3u5dkhcEPQeK/[22m[36massets/_commonjsHelpers-042e6b4d.js                 [39m[1m[2m  0.78 kB[22m[1m[22m[2m │ gzip:   0.44 kB[22m[2m │ map:     0.11 kB[22m
[2mC:/Users/ROBIN_~1/AppData/Local/Temp/chromatic--28408-3u5dkhcEPQeK/[22m[36massets/index-356e4a49.js                            [39m[1m[2m  0.81 kB[22m[1m[22m[2m │ gzip:   0.51 kB[22m[2m │ map:     3.21 kB[22m
[2mC:/Users/ROBIN_~1/AppData/Local/Temp/chromatic--28408-3u5dkhcEPQeK/[22m[36massets/preview-a0da4dc0.js                          [39m[1m[2m  0.83 kB[22m[1m[22m[2m │ gzip:   0.49 kB[22m[2m │ map:     1.15 kB[22m
[2mC:/Users/ROBIN_~1/AppData/Local/Temp/chromatic--28408-3u5dkhcEPQeK/[22m[36massets/preview-b1164a2e.js                          [39m[1m[2m  0.88 kB[22m[1m[22m[2m │ gzip:   0.58 kB[22m[2m │ map:     2.80 kB[22m
[2mC:/Users/ROBIN_~1/AppData/Local/Temp/chromatic--28408-3u5dkhcEPQeK/[22m[36massets/preview-68d0cc42.js                          [39m[1m[2m  1.06 kB[22m[1m[22m[2m │ gzip:   0.69 kB[22m[2m │ map:     3.03 kB[22m
[2mC:/Users/ROBIN_~1/AppData/Local/Temp/chromatic--28408-3u5dkhcEPQeK/[22m[36massets/preview-bb5acd95.js                          [39m[1m[2m  2.38 kB[22m[1m[22m[2m │ gzip:   1.26 kB[22m[2m │ map:    10.01 kB[22m
[2mC:/Users/ROBIN_~1/AppData/Local/Temp/chromatic--28408-3u5dkhcEPQeK/[22m[36massets/index-d37d4223.js                            [39m[1m[2m  2.63 kB[22m[1m[22m[2m │ gzip:   1.30 kB[22m[2m │ map:     7.42 kB[22m
[2mC:/Users/ROBIN_~1/AppData/Local/Temp/chromatic--28408-3u5dkhcEPQeK/[22m[36massets/preview-f96f0111.js                          [39m[1m[2m  3.29 kB[22m[1m[22m[2m │ gzip:   1.41 kB[22m[2m │ map:    10.00 kB[22m
[2mC:/Users/ROBIN_~1/AppData/Local/Temp/chromatic--28408-3u5dkhcEPQeK/[22m[36massets/preview-9b817f5a.js                          [39m[1m[2m  3.78 kB[22m[1m[22m[2m │ gzip:   1.80 kB[22m[2m │ map:    14.35 kB[22m
[2mC:/Users/ROBIN_~1/AppData/Local/Temp/chromatic--28408-3u5dkhcEPQeK/[22m[36massets/iframe-fee20fb1.js                           [39m[1m[2m  4.92 kB[22m[1m[22m[2m │ gzip:   1.72 kB[22m[2m │ map:     5.42 kB[22m
[2mC:/Users/ROBIN_~1/AppData/Local/Temp/chromatic--28408-3u5dkhcEPQeK/[22m[36massets/preview-62235626.js                          [39m[1m[2m  7.69 kB[22m[1m[22m[2m │ gzip:   1.60 kB[22m[2m │ map:    13.60 kB[22m
[2mC:/Users/ROBIN_~1/AppData/Local/Temp/chromatic--28408-3u5dkhcEPQeK/[22m[36massets/preview-e6f1f377.js                          [39m[1m[2m  7.97 kB[22m[1m[22m[2m │ gzip:   3.03 kB[22m[2m │ map:    28.09 kB[22m
[2mC:/Users/ROBIN_~1/AppData/Local/Temp/chromatic--28408-3u5dkhcEPQeK/[22m[36massets/index-078d3f98.js                            [39m[1m[2m 10.06 kB[22m[1m[22m[2m │ gzip:   3.66 kB[22m[2m │ map:    26.43 kB[22m
[2mC:/Users/ROBIN_~1/AppData/Local/Temp/chromatic--28408-3u5dkhcEPQeK/[22m[36massets/GlobalScrollAreaStyles-XIHNDKUY-95b41c61.js  [39m[1m[2m 10.53 kB[22m[1m[22m[2m │ gzip:   2.40 kB[22m[2m │ map:    15.66 kB[22m
[2mC:/Users/ROBIN_~1/AppData/Local/Temp/chromatic--28408-3u5dkhcEPQeK/[22m[36massets/preview-8e084d2f.js                          [39m[1m[2m 11.13 kB[22m[1m[22m[2m │ gzip:   3.76 kB[22m[2m │ map:    41.67 kB[22m
[2mC:/Users/ROBIN_~1/AppData/Local/Temp/chromatic--28408-3u5dkhcEPQeK/[22m[36massets/index-05dd2ed0.js                            [39m[1m[2m 12.05 kB[22m[1m[22m[2m │ gzip:   4.36 kB[22m[2m │ map:    55.51 kB[22m
[2mC:/Users/ROBIN_~1/AppData/Local/Temp/chromatic--28408-3u5dkhcEPQeK/[22m[36massets/Task.stories-219a2455.js                     [39m[1m[2m 15.86 kB[22m[1m[22m[2m │ gzip:   6.04 kB[22m[2m │ map:    62.46 kB[22m
[2mC:/Users/ROBIN_~1/AppData/Local/Temp/chromatic--28408-3u5dkhcEPQeK/[22m[36massets/index-248772ff.js                            [39m[1m[2m 27.48 kB[22m[1m[22m[2m │ gzip:  10.05 kB[22m[2m │ map:   125.14 kB[22m
[2mC:/Users/ROBIN_~1/AppData/Local/Temp/chromatic--28408-3u5dkhcEPQeK/[22m[36massets/Color-3YIJY6X7-8aa43a1c.js                   [39m[1m[2m 31.11 kB[22m[1m[22m[2m │ gzip:  11.69 kB[22m[2m │ map:   111.90 kB[22m
[2mC:/Users/ROBIN_~1/AppData/Local/Temp/chromatic--28408-3u5dkhcEPQeK/[22m[36massets/TaskList.stories-4c4d3d88.js                 [39m[1m[2m 58.56 kB[22m[1m[22m[2m │ gzip:  19.70 kB[22m[2m │ map:   268.10 kB[22m
[2mC:/Users/ROBIN_~1/AppData/Local/Temp/chromatic--28408-3u5dkhcEPQeK/[22m[36massets/OverlayScrollbars-VAV6LJAB-51603027.js       [39m[1m[2m 59.11 kB[22m[1m[22m[2m │ gzip:  25.35 kB[22m[2m │ map:   277.16 kB[22m
[2mC:/Users/ROBIN_~1/AppData/Local/Temp/chromatic--28408-3u5dkhcEPQeK/[22m[36massets/_getPrototype-346eac07.js                    [39m[1m[2m 79.07 kB[22m[1m[22m[2m │ gzip:  23.77 kB[22m[2m │ map:   319.89 kB[22m
[2mC:/Users/ROBIN_~1/AppData/Local/Temp/chromatic--28408-3u5dkhcEPQeK/[22m[36massets/config-3dd9a9ab.js                           [39m[1m[2m214.06 kB[22m[1m[22m[2m │ gzip:  66.60 kB[22m[2m │ map:   807.92 kB[22m
[2mC:/Users/ROBIN_~1/AppData/Local/Temp/chromatic--28408-3u5dkhcEPQeK/[22m[36massets/InboxScreen.stories-618d302a.js              [39m[1m[2m259.59 kB[22m[1m[22m[2m │ gzip:  61.17 kB[22m[2m │ map:   916.75 kB[22m
[2mC:/Users/ROBIN_~1/AppData/Local/Temp/chromatic--28408-3u5dkhcEPQeK/[22m[36massets/index-cfee2899.js                            [39m[1m[2m284.56 kB[22m[1m[22m[2m │ gzip:  87.36 kB[22m[2m │ map: 1,491.10 kB[22m
[2mC:/Users/ROBIN_~1/AppData/Local/Temp/chromatic--28408-3u5dkhcEPQeK/[22m[36massets/index-1b8bf7b1.js                            [39m[1m[2m338.00 kB[22m[1m[22m[2m │ gzip:  99.74 kB[22m[2m │ map: 1,423.63 kB[22m
[2mC:/Users/ROBIN_~1/AppData/Local/Temp/chromatic--28408-3u5dkhcEPQeK/[22m[36massets/DocsRenderer-7FRJXR4N-124b4bd3.js            [39m[1m[33m523.87 kB[39m[22m[2m │ gzip: 171.20 kB[22m[2m │ map: 1,440.02 kB[22m
[2mC:/Users/ROBIN_~1/AppData/Local/Temp/chromatic--28408-3u5dkhcEPQeK/[22m[36massets/axe-41d76881.js                              [39m[1m[33m535.59 kB[39m[22m[2m │ gzip: 146.90 kB[22m[2m │ map: 1,918.37 kB[22m
[2mC:/Users/ROBIN_~1/AppData/Local/Temp/chromatic--28408-3u5dkhcEPQeK/[22m[36massets/formatter-S4K5WUZV-b1097a5a.js               [39m[1m[33m601.76 kB[39m[22m[2m │ gzip: 185.09 kB[22m[2m │ map: 1,315.92 kB[22m
[33m
(!) Some chunks are larger than 500 kBs after minification. Consider:
- Using dynamic import() to code-split the application
- Use build.rollupOptions.output.manualChunks to improve chunking: https://rollupjs.org/configuration-options/#output-manualchunks
- Adjust chunk size limit for this warning via build.chunkSizeWarningLimit.[39m
[32m✓[39m built in 22.94s
info => Output directory: C:\Users\ROBIN_~1\AppData\Local\Temp\chromatic--28408-3u5dkhcEPQeK
